# JRE version: OpenJDK Runtime Environment Temurin-17.0.11+9 (17.0.11+9) (build 17.0.11+9)
# Java VM: OpenJDK 64-Bit Server VM Temurin-17.0.11+9 (17.0.11+9, mixed mode, tiered, compressed oops, compressed class ptrs, parallel gc, windows-amd64)
GC Precious Log:
 CPUs: 4 total, 4 available
 Memory: 3917M
 Large Page Support: Disabled
 NUMA Support: Disabled
 Compressed Oops: Enabled (32-bit)
 Alignments: Space 512K, Generation 512K, Heap 2M
 Heap Min Capacity: 100M
 Heap Initial Capacity: 100M
 Heap Max Capacity: 1G
 Pre-touch: Disabled
 Parallel Workers: 4
Heap:
 PSYoungGen      total 24064K, used 20342K [0x00000000eab00000, 0x00000000ec480000, 0x0000000100000000)
  eden space 22016K, 84% used [0x00000000eab00000,0x00000000ebd31a70,0x00000000ec080000)
  from space 2048K, 83% used [0x00000000ec280000,0x00000000ec42c010,0x00000000ec480000)
  to   space 2048K, 0% used [0x00000000ec080000,0x00000000ec080000,0x00000000ec280000)
 ParOldGen       total 68608K, used 36821K [0x00000000c0000000, 0x00000000c4300000, 0x00000000eab00000)
  object space 68608K, 53% used [0x00000000c0000000,0x00000000c23f5648,0x00000000c4300000)
 Metaspace       used 58474K, committed 59520K, reserved 1114112K
  class space    used 6215K, committed 6656K, reserved 1048576K
GC Heap History (20 events):
Event: 42.988 GC heap before
{Heap before GC invocations=21 (full 2):
 PSYoungGen      total 23552K, used 23081K [0x00000000eab00000, 0x00000000ec480000, 0x0000000100000000)
  eden space 22016K, 100% used [0x00000000eab00000,0x00000000ec080000,0x00000000ec080000)
  from space 1536K, 69% used [0x00000000ec300000,0x00000000ec40a590,0x00000000ec480000)
  to   space 1536K, 0% used [0x00000000ec080000,0x00000000ec080000,0x00000000ec200000)
 ParOldGen       total 68608K, used 21542K [0x00000000c0000000, 0x00000000c4300000, 0x00000000eab00000)
  object space 68608K, 31% used [0x00000000c0000000,0x00000000c1509b10,0x00000000c4300000)
 Metaspace       used 53378K, committed 54464K, reserved 1114112K
  class space    used 5731K, committed 6208K, reserved 1048576K
}
Event: 42.994 GC heap after
{Heap after GC invocations=21 (full 2):
 PSYoungGen      total 23552K, used 1520K [0x00000000eab00000, 0x00000000ec680000, 0x0000000100000000)
  eden space 22016K, 0% used [0x00000000eab00000,0x00000000eab00000,0x00000000ec080000)
  from space 1536K, 98% used [0x00000000ec080000,0x00000000ec1fc010,0x00000000ec200000)
  to   space 3072K, 0% used [0x00000000ec380000,0x00000000ec380000,0x00000000ec680000)
 ParOldGen       total 68608K, used 22457K [0x00000000c0000000, 0x00000000c4300000, 0x00000000eab00000)
  object space 68608K, 32% used [0x00000000c0000000,0x00000000c15ee490,0x00000000c4300000)
 Metaspace       used 53378K, committed 54464K, reserved 1114112K
  class space    used 5731K, committed 6208K, reserved 1048576K
}
Event: 43.461 GC heap before
{Heap before GC invocations=22 (full 2):
 PSYoungGen      total 23552K, used 23536K [0x00000000eab00000, 0x00000000ec680000, 0x0000000100000000)
  eden space 22016K, 100% used [0x00000000eab00000,0x00000000ec080000,0x00000000ec080000)
  from space 1536K, 98% used [0x00000000ec080000,0x00000000ec1fc010,0x00000000ec200000)
  to   space 3072K, 0% used [0x00000000ec380000,0x00000000ec380000,0x00000000ec680000)
 ParOldGen       total 68608K, used 22457K [0x00000000c0000000, 0x00000000c4300000, 0x00000000eab00000)
  object space 68608K, 32% used [0x00000000c0000000,0x00000000c15ee490,0x00000000c4300000)
 Metaspace       used 53936K, committed 54976K, reserved 1114112K
  class space    used 5793K, committed 6272K, reserved 1048576K
}
Event: 43.469 GC heap after
{Heap after GC invocations=22 (full 2):
 PSYoungGen      total 24064K, used 1856K [0x00000000eab00000, 0x00000000ec580000, 0x0000000100000000)
  eden space 22016K, 0% used [0x00000000eab00000,0x00000000eab00000,0x00000000ec080000)
  from space 2048K, 90% used [0x00000000ec380000,0x00000000ec550040,0x00000000ec580000)
  to   space 2560K, 0% used [0x00000000ec080000,0x00000000ec080000,0x00000000ec300000)
 ParOldGen       total 68608K, used 23958K [0x00000000c0000000, 0x00000000c4300000, 0x00000000eab00000)
  object space 68608K, 34% used [0x00000000c0000000,0x00000000c1765ac8,0x00000000c4300000)
 Metaspace       used 53936K, committed 54976K, reserved 1114112K
  class space    used 5793K, committed 6272K, reserved 1048576K
}
Event: 43.707 GC heap before
{Heap before GC invocations=23 (full 2):
 PSYoungGen      total 24064K, used 23872K [0x00000000eab00000, 0x00000000ec580000, 0x0000000100000000)
  eden space 22016K, 100% used [0x00000000eab00000,0x00000000ec080000,0x00000000ec080000)
  from space 2048K, 90% used [0x00000000ec380000,0x00000000ec550040,0x00000000ec580000)
  to   space 2560K, 0% used [0x00000000ec080000,0x00000000ec080000,0x00000000ec300000)
 ParOldGen       total 68608K, used 23958K [0x00000000c0000000, 0x00000000c4300000, 0x00000000eab00000)
  object space 68608K, 34% used [0x00000000c0000000,0x00000000c1765ac8,0x00000000c4300000)
 Metaspace       used 53980K, committed 55040K, reserved 1114112K
  class space    used 5793K, committed 6272K, reserved 1048576K
}
Event: 43.713 GC heap after
{Heap after GC invocations=23 (full 2):
 PSYoungGen      total 24064K, used 1888K [0x00000000eab00000, 0x00000000ec480000, 0x0000000100000000)
  eden space 22016K, 0% used [0x00000000eab00000,0x00000000eab00000,0x00000000ec080000)
  from space 2048K, 92% used [0x00000000ec080000,0x00000000ec258000,0x00000000ec280000)
  to   space 2048K, 0% used [0x00000000ec280000,0x00000000ec280000,0x00000000ec480000)
 ParOldGen       total 68608K, used 25774K [0x00000000c0000000, 0x00000000c4300000, 0x00000000eab00000)
  object space 68608K, 37% used [0x00000000c0000000,0x00000000c192bb18,0x00000000c4300000)
 Metaspace       used 53980K, committed 55040K, reserved 1114112K
  class space    used 5793K, committed 6272K, reserved 1048576K
}
Event: 43.978 GC heap before
{Heap before GC invocations=24 (full 2):
 PSYoungGen      total 24064K, used 23904K [0x00000000eab00000, 0x00000000ec480000, 0x0000000100000000)
  eden space 22016K, 100% used [0x00000000eab00000,0x00000000ec080000,0x00000000ec080000)
  from space 2048K, 92% used [0x00000000ec080000,0x00000000ec258000,0x00000000ec280000)
  to   space 2048K, 0% used [0x00000000ec280000,0x00000000ec280000,0x00000000ec480000)
 ParOldGen       total 68608K, used 25774K [0x00000000c0000000, 0x00000000c4300000, 0x00000000eab00000)
  object space 68608K, 37% used [0x00000000c0000000,0x00000000c192bb18,0x00000000c4300000)
 Metaspace       used 54130K, committed 55232K, reserved 1114112K
  class space    used 5812K, committed 6272K, reserved 1048576K
}
Event: 43.985 GC heap after
{Heap after GC invocations=24 (full 2):
 PSYoungGen      total 24064K, used 1920K [0x00000000eab00000, 0x00000000ec480000, 0x0000000100000000)
  eden space 22016K, 0% used [0x00000000eab00000,0x00000000eab00000,0x00000000ec080000)
  from space 2048K, 93% used [0x00000000ec280000,0x00000000ec460010,0x00000000ec480000)
  to   space 2048K, 0% used [0x00000000ec080000,0x00000000ec080000,0x00000000ec280000)
 ParOldGen       total 68608K, used 27594K [0x00000000c0000000, 0x00000000c4300000, 0x00000000eab00000)
  object space 68608K, 40% used [0x00000000c0000000,0x00000000c1af2b38,0x00000000c4300000)
 Metaspace       used 54130K, committed 55232K, reserved 1114112K
  class space    used 5812K, committed 6272K, reserved 1048576K
}
Event: 44.498 GC heap before
{Heap before GC invocations=25 (full 2):
 PSYoungGen      total 24064K, used 23936K [0x00000000eab00000, 0x00000000ec480000, 0x0000000100000000)
  eden space 22016K, 100% used [0x00000000eab00000,0x00000000ec080000,0x00000000ec080000)
  from space 2048K, 93% used [0x00000000ec280000,0x00000000ec460010,0x00000000ec480000)
  to   space 2048K, 0% used [0x00000000ec080000,0x00000000ec080000,0x00000000ec280000)
 ParOldGen       total 68608K, used 27594K [0x00000000c0000000, 0x00000000c4300000, 0x00000000eab00000)
  object space 68608K, 40% used [0x00000000c0000000,0x00000000c1af2b38,0x00000000c4300000)
 Metaspace       used 54363K, committed 55424K, reserved 1114112K
  class space    used 5832K, committed 6272K, reserved 1048576K
}
Event: 44.505 GC heap after
{Heap after GC invocations=25 (full 2):
 PSYoungGen      total 24064K, used 2029K [0x00000000eab00000, 0x00000000ec980000, 0x0000000100000000)
  eden space 22016K, 0% used [0x00000000eab00000,0x00000000eab00000,0x00000000ec080000)
  from space 2048K, 99% used [0x00000000ec080000,0x00000000ec27b510,0x00000000ec280000)
  to   space 4608K, 0% used [0x00000000ec500000,0x00000000ec500000,0x00000000ec980000)
 ParOldGen       total 68608K, used 29645K [0x00000000c0000000, 0x00000000c4300000, 0x00000000eab00000)
  object space 68608K, 43% used [0x00000000c0000000,0x00000000c1cf3750,0x00000000c4300000)
 Metaspace       used 54363K, committed 55424K, reserved 1114112K
  class space    used 5832K, committed 6272K, reserved 1048576K
}
Event: 45.630 GC heap before
{Heap before GC invocations=26 (full 2):
 PSYoungGen      total 24064K, used 24045K [0x00000000eab00000, 0x00000000ec980000, 0x0000000100000000)
  eden space 22016K, 100% used [0x00000000eab00000,0x00000000ec080000,0x00000000ec080000)
  from space 2048K, 99% used [0x00000000ec080000,0x00000000ec27b510,0x00000000ec280000)
  to   space 4608K, 0% used [0x00000000ec500000,0x00000000ec500000,0x00000000ec980000)
 ParOldGen       total 68608K, used 29645K [0x00000000c0000000, 0x00000000c4300000, 0x00000000eab00000)
  object space 68608K, 43% used [0x00000000c0000000,0x00000000c1cf3750,0x00000000c4300000)
 Metaspace       used 54619K, committed 55744K, reserved 1114112K
  class space    used 5846K, committed 6336K, reserved 1048576K
}
Event: 45.634 GC heap after
{Heap after GC invocations=26 (full 2):
 PSYoungGen      total 23552K, used 1101K [0x00000000eab00000, 0x00000000ec680000, 0x0000000100000000)
  eden space 22016K, 0% used [0x00000000eab00000,0x00000000eab00000,0x00000000ec080000)
  from space 1536K, 71% used [0x00000000ec500000,0x00000000ec613510,0x00000000ec680000)
  to   space 2560K, 0% used [0x00000000ec180000,0x00000000ec180000,0x00000000ec400000)
 ParOldGen       total 68608K, used 30824K [0x00000000c0000000, 0x00000000c4300000, 0x00000000eab00000)
  object space 68608K, 44% used [0x00000000c0000000,0x00000000c1e1a250,0x00000000c4300000)
 Metaspace       used 54619K, committed 55744K, reserved 1114112K
  class space    used 5846K, committed 6336K, reserved 1048576K
}
Event: 46.602 GC heap before
{Heap before GC invocations=27 (full 2):
 PSYoungGen      total 23552K, used 23117K [0x00000000eab00000, 0x00000000ec680000, 0x0000000100000000)
  eden space 22016K, 100% used [0x00000000eab00000,0x00000000ec080000,0x00000000ec080000)
  from space 1536K, 71% used [0x00000000ec500000,0x00000000ec613510,0x00000000ec680000)
  to   space 2560K, 0% used [0x00000000ec180000,0x00000000ec180000,0x00000000ec400000)
 ParOldGen       total 68608K, used 30824K [0x00000000c0000000, 0x00000000c4300000, 0x00000000eab00000)
  object space 68608K, 44% used [0x00000000c0000000,0x00000000c1e1a250,0x00000000c4300000)
 Metaspace       used 55333K, committed 56448K, reserved 1114112K
  class space    used 5920K, committed 6400K, reserved 1048576K
}
Event: 46.606 GC heap after
{Heap after GC invocations=27 (full 2):
 PSYoungGen      total 24576K, used 2321K [0x00000000eab00000, 0x00000000ec680000, 0x0000000100000000)
  eden space 22016K, 0% used [0x00000000eab00000,0x00000000eab00000,0x00000000ec080000)
  from space 2560K, 90% used [0x00000000ec180000,0x00000000ec3c4480,0x00000000ec400000)
  to   space 2560K, 0% used [0x00000000ec400000,0x00000000ec400000,0x00000000ec680000)
 ParOldGen       total 68608K, used 31064K [0x00000000c0000000, 0x00000000c4300000, 0x00000000eab00000)
  object space 68608K, 45% used [0x00000000c0000000,0x00000000c1e56250,0x00000000c4300000)
 Metaspace       used 55333K, committed 56448K, reserved 1114112K
  class space    used 5920K, committed 6400K, reserved 1048576K
}
Event: 53.351 GC heap before
{Heap before GC invocations=28 (full 2):
 PSYoungGen      total 24576K, used 24313K [0x00000000eab00000, 0x00000000ec680000, 0x0000000100000000)
  eden space 22016K, 99% used [0x00000000eab00000,0x00000000ec07a128,0x00000000ec080000)
  from space 2560K, 90% used [0x00000000ec180000,0x00000000ec3c4480,0x00000000ec400000)
  to   space 2560K, 0% used [0x00000000ec400000,0x00000000ec400000,0x00000000ec680000)
 ParOldGen       total 68608K, used 31064K [0x00000000c0000000, 0x00000000c4300000, 0x00000000eab00000)
  object space 68608K, 45% used [0x00000000c0000000,0x00000000c1e56250,0x00000000c4300000)
 Metaspace       used 56694K, committed 57792K, reserved 1114112K
  class space    used 6040K, committed 6464K, reserved 1048576K
}
Event: 53.358 GC heap after
{Heap after GC invocations=28 (full 2):
 PSYoungGen      total 24576K, used 2512K [0x00000000eab00000, 0x00000000ec680000, 0x0000000100000000)
  eden space 22016K, 0% used [0x00000000eab00000,0x00000000eab00000,0x00000000ec080000)
  from space 2560K, 98% used [0x00000000ec400000,0x00000000ec674020,0x00000000ec680000)
  to   space 3072K, 0% used [0x00000000ec080000,0x00000000ec080000,0x00000000ec380000)
 ParOldGen       total 68608K, used 33296K [0x00000000c0000000, 0x00000000c4300000, 0x00000000eab00000)
  object space 68608K, 48% used [0x00000000c0000000,0x00000000c20840c0,0x00000000c4300000)
 Metaspace       used 56694K, committed 57792K, reserved 1114112K
  class space    used 6040K, committed 6464K, reserved 1048576K
}
Event: 69.023 GC heap before
{Heap before GC invocations=29 (full 2):
 PSYoungGen      total 24576K, used 24528K [0x00000000eab00000, 0x00000000ec680000, 0x0000000100000000)
  eden space 22016K, 100% used [0x00000000eab00000,0x00000000ec080000,0x00000000ec080000)
  from space 2560K, 98% used [0x00000000ec400000,0x00000000ec674020,0x00000000ec680000)
  to   space 3072K, 0% used [0x00000000ec080000,0x00000000ec080000,0x00000000ec380000)
 ParOldGen       total 68608K, used 33296K [0x00000000c0000000, 0x00000000c4300000, 0x00000000eab00000)
  object space 68608K, 48% used [0x00000000c0000000,0x00000000c20840c0,0x00000000c4300000)
 Metaspace       used 57480K, committed 58624K, reserved 1114112K
  class space    used 6108K, committed 6592K, reserved 1048576K
}
Event: 69.033 GC heap after
{Heap after GC invocations=29 (full 2):
 PSYoungGen      total 23552K, used 1520K [0x00000000eab00000, 0x00000000ec480000, 0x0000000100000000)
  eden space 22016K, 0% used [0x00000000eab00000,0x00000000eab00000,0x00000000ec080000)
  from space 1536K, 98% used [0x00000000ec080000,0x00000000ec1fc020,0x00000000ec200000)
  to   space 2048K, 0% used [0x00000000ec280000,0x00000000ec280000,0x00000000ec480000)
 ParOldGen       total 68608K, used 35655K [0x00000000c0000000, 0x00000000c4300000, 0x00000000eab00000)
  object space 68608K, 51% used [0x00000000c0000000,0x00000000c22d1ea0,0x00000000c4300000)
 Metaspace       used 57480K, committed 58624K, reserved 1114112K
  class space    used 6108K, committed 6592K, reserved 1048576K
}
Event: 71.550 GC heap before
{Heap before GC invocations=30 (full 2):
 PSYoungGen      total 23552K, used 23536K [0x00000000eab00000, 0x00000000ec480000, 0x0000000100000000)
  eden space 22016K, 100% used [0x00000000eab00000,0x00000000ec080000,0x00000000ec080000)
  from space 1536K, 98% used [0x00000000ec080000,0x00000000ec1fc020,0x00000000ec200000)
  to   space 2048K, 0% used [0x00000000ec280000,0x00000000ec280000,0x00000000ec480000)
 ParOldGen       total 68608K, used 35655K [0x00000000c0000000, 0x00000000c4300000, 0x00000000eab00000)
  object space 68608K, 51% used [0x00000000c0000000,0x00000000c22d1ea0,0x00000000c4300000)
 Metaspace       used 57900K, committed 59008K, reserved 1114112K
  class space    used 6149K, committed 6592K, reserved 1048576K
}
Event: 71.554 GC heap after
{Heap after GC invocations=30 (full 2):
 PSYoungGen      total 24064K, used 1712K [0x00000000eab00000, 0x00000000ec480000, 0x0000000100000000)
  eden space 22016K, 0% used [0x00000000eab00000,0x00000000eab00000,0x00000000ec080000)
  from space 2048K, 83% used [0x00000000ec280000,0x00000000ec42c010,0x00000000ec480000)
  to   space 2048K, 0% used [0x00000000ec080000,0x00000000ec080000,0x00000000ec280000)
 ParOldGen       total 68608K, used 36821K [0x00000000c0000000, 0x00000000c4300000, 0x00000000eab00000)
  object space 68608K, 53% used [0x00000000c0000000,0x00000000c23f5648,0x00000000c4300000)
 Metaspace       used 57900K, committed 59008K, reserved 1114112K
  class space    used 6149K, committed 6592K, reserved 1048576K
}

